<?xml version="1.0" ?>
<coverage version="7.9.1" timestamp="1753710775283" lines-valid="22277" lines-covered="269" line-rate="0.01208" branches-covered="0" branches-valid="0" branch-rate="0" complexity="0">
	<!-- Generated by coverage.py: https://coverage.readthedocs.io/en/7.9.1 -->
	<!-- Based on https://raw.githubusercontent.com/cobertura/web/master/htdocs/xml/coverage-04.dtd -->
	<sources>
		<source>/Users/yahavzamari/viralAi/src</source>
	</sources>
	<packages>
		<package name="." line-rate="1" branch-rate="0" complexity="0">
			<classes>
				<class name="__init__.py" filename="__init__.py" complexity="0" line-rate="1" branch-rate="0">
					<methods/>
					<lines/>
				</class>
			</classes>
		</package>
		<package name="agents" line-rate="0" branch-rate="0" complexity="0">
			<classes>
				<class name="__init__.py" filename="agents/__init__.py" complexity="0" line-rate="1" branch-rate="0">
					<methods/>
					<lines/>
				</class>
				<class name="continuity_decision_agent.py" filename="agents/continuity_decision_agent.py" complexity="0" line-rate="0" branch-rate="0">
					<methods/>
					<lines>
						<line number="6" hits="0"/>
						<line number="7" hits="0"/>
						<line number="8" hits="0"/>
						<line number="9" hits="0"/>
						<line number="10" hits="0"/>
						<line number="11" hits="0"/>
						<line number="13" hits="0"/>
						<line number="14" hits="0"/>
						<line number="15" hits="0"/>
						<line number="16" hits="0"/>
						<line number="17" hits="0"/>
						<line number="19" hits="0"/>
						<line number="21" hits="0"/>
						<line number="27" hits="0"/>
						<line number="29" hits="0"/>
						<line number="30" hits="0"/>
						<line number="31" hits="0"/>
						<line number="33" hits="0"/>
						<line number="34" hits="0"/>
						<line number="37" hits="0"/>
						<line number="40" hits="0"/>
						<line number="59" hits="0"/>
						<line number="79" hits="0"/>
						<line number="83" hits="0"/>
						<line number="85" hits="0"/>
						<line number="146" hits="0"/>
						<line number="147" hits="0"/>
						<line number="148" hits="0"/>
						<line number="150" hits="0"/>
						<line number="161" hits="0"/>
						<line number="162" hits="0"/>
						<line number="163" hits="0"/>
						<line number="166" hits="0"/>
						<line number="177" hits="0"/>
						<line number="179" hits="0"/>
						<line number="181" hits="0"/>
						<line number="194" hits="0"/>
						<line number="198" hits="0"/>
						<line number="202" hits="0"/>
						<line number="205" hits="0"/>
						<line number="209" hits="0"/>
						<line number="211" hits="0"/>
						<line number="212" hits="0"/>
						<line number="214" hits="0"/>
						<line number="215" hits="0"/>
						<line number="216" hits="0"/>
						<line number="220" hits="0"/>
						<line number="227" hits="0"/>
						<line number="232" hits="0"/>
						<line number="233" hits="0"/>
						<line number="234" hits="0"/>
						<line number="237" hits="0"/>
						<line number="238" hits="0"/>
						<line number="239" hits="0"/>
						<line number="240" hits="0"/>
						<line number="241" hits="0"/>
						<line number="244" hits="0"/>
						<line number="245" hits="0"/>
						<line number="246" hits="0"/>
						<line number="247" hits="0"/>
						<line number="248" hits="0"/>
						<line number="249" hits="0"/>
						<line number="250" hits="0"/>
						<line number="251" hits="0"/>
						<line number="252" hits="0"/>
						<line number="255" hits="0"/>
						<line number="256" hits="0"/>
						<line number="257" hits="0"/>
						<line number="258" hits="0"/>
						<line number="259" hits="0"/>
						<line number="260" hits="0"/>
						<line number="261" hits="0"/>
						<line number="262" hits="0"/>
						<line number="264" hits="0"/>
						<line number="292" hits="0"/>
						<line number="294" hits="0"/>
					</lines>
				</class>
				<class name="cultural_sensitivity_agent.py" filename="agents/cultural_sensitivity_agent.py" complexity="0" line-rate="0" branch-rate="0">
					<methods/>
					<lines>
						<line number="3" hits="0"/>
						<line number="4" hits="0"/>
						<line number="5" hits="0"/>
						<line number="6" hits="0"/>
						<line number="8" hits="0"/>
						<line number="11" hits="0"/>
						<line number="12" hits="0"/>
						<line number="14" hits="0"/>
						<line number="15" hits="0"/>
						<line number="16" hits="0"/>
						<line number="17" hits="0"/>
						<line number="18" hits="0"/>
						<line number="19" hits="0"/>
						<line number="22" hits="0"/>
						<line number="25" hits="0"/>
						<line number="31" hits="0"/>
						<line number="32" hits="0"/>
						<line number="33" hits="0"/>
						<line number="35" hits="0"/>
						<line number="38" hits="0"/>
						<line number="96" hits="0"/>
						<line number="112" hits="0"/>
						<line number="113" hits="0"/>
						<line number="114" hits="0"/>
						<line number="115" hits="0"/>
						<line number="121" hits="0"/>
						<line number="122" hits="0"/>
						<line number="125" hits="0"/>
						<line number="127" hits="0"/>
						<line number="128" hits="0"/>
						<line number="129" hits="0"/>
						<line number="130" hits="0"/>
						<line number="131" hits="0"/>
						<line number="134" hits="0"/>
						<line number="136" hits="0"/>
						<line number="137" hits="0"/>
						<line number="142" hits="0"/>
						<line number="143" hits="0"/>
						<line number="149" hits="0"/>
						<line number="150" hits="0"/>
						<line number="151" hits="0"/>
						<line number="154" hits="0"/>
						<line number="155" hits="0"/>
						<line number="156" hits="0"/>
						<line number="157" hits="0"/>
						<line number="159" hits="0"/>
						<line number="167" hits="0"/>
						<line number="176" hits="0"/>
						<line number="177" hits="0"/>
						<line number="178" hits="0"/>
						<line number="180" hits="0"/>
						<line number="183" hits="0"/>
						<line number="184" hits="0"/>
						<line number="185" hits="0"/>
						<line number="188" hits="0"/>
						<line number="189" hits="0"/>
						<line number="192" hits="0"/>
						<line number="193" hits="0"/>
						<line number="195" hits="0"/>
						<line number="197" hits="0"/>
						<line number="206" hits="0"/>
						<line number="207" hits="0"/>
						<line number="208" hits="0"/>
						<line number="210" hits="0"/>
						<line number="220" hits="0"/>
						<line number="221" hits="0"/>
						<line number="222" hits="0"/>
						<line number="224" hits="0"/>
						<line number="226" hits="0"/>
						<line number="240" hits="0"/>
						<line number="241" hits="0"/>
						<line number="242" hits="0"/>
						<line number="244" hits="0"/>
						<line number="264" hits="0"/>
						<line number="266" hits="0"/>
						<line number="275" hits="0"/>
						<line number="276" hits="0"/>
						<line number="277" hits="0"/>
						<line number="279" hits="0"/>
					</lines>
				</class>
				<class name="director_agent.py" filename="agents/director_agent.py" complexity="0" line-rate="0" branch-rate="0">
					<methods/>
					<lines>
						<line number="1" hits="0"/>
						<line number="2" hits="0"/>
						<line number="4" hits="0"/>
						<line number="5" hits="0"/>
						<line number="6" hits="0"/>
						<line number="7" hits="0"/>
						<line number="8" hits="0"/>
						<line number="10" hits="0"/>
						<line number="11" hits="0"/>
						<line number="13" hits="0"/>
						<line number="20" hits="0"/>
						<line number="21" hits="0"/>
						<line number="22" hits="0"/>
					</lines>
				</class>
				<class name="discussion_visualizer.py" filename="agents/discussion_visualizer.py" complexity="0" line-rate="0" branch-rate="0">
					<methods/>
					<lines>
						<line number="6" hits="0"/>
						<line number="7" hits="0"/>
						<line number="8" hits="0"/>
						<line number="9" hits="0"/>
						<line number="10" hits="0"/>
						<line number="11" hits="0"/>
						<line number="12" hits="0"/>
						<line number="14" hits="0"/>
						<line number="16" hits="0"/>
						<line number="18" hits="0"/>
						<line number="20" hits="0"/>
						<line number="21" hits="0"/>
						<line number="22" hits="0"/>
						<line number="23" hits="0"/>
						<line number="24" hits="0"/>
						<line number="26" hits="0"/>
						<line number="27" hits="0"/>
						<line number="29" hits="0"/>
						<line number="30" hits="0"/>
						<line number="31" hits="0"/>
						<line number="32" hits="0"/>
						<line number="33" hits="0"/>
						<line number="34" hits="0"/>
						<line number="36" hits="0"/>
						<line number="39" hits="0"/>
						<line number="40" hits="0"/>
						<line number="43" hits="0"/>
						<line number="44" hits="0"/>
						<line number="47" hits="0"/>
						<line number="48" hits="0"/>
						<line number="51" hits="0"/>
						<line number="52" hits="0"/>
						<line number="53" hits="0"/>
						<line number="56" hits="0"/>
						<line number="67" hits="0"/>
						<line number="79" hits="0"/>
						<line number="82" hits="0"/>
						<line number="97" hits="0"/>
						<line number="100" hits="0"/>
						<line number="106" hits="0"/>
						<line number="109" hits="0"/>
						<line number="110" hits="0"/>
						<line number="112" hits="0"/>
						<line number="120" hits="0"/>
						<line number="121" hits="0"/>
						<line number="122" hits="0"/>
						<line number="125" hits="0"/>
						<line number="132" hits="0"/>
						<line number="134" hits="0"/>
						<line number="135" hits="0"/>
						<line number="137" hits="0"/>
						<line number="143" hits="0"/>
						<line number="144" hits="0"/>
						<line number="145" hits="0"/>
						<line number="148" hits="0"/>
						<line number="150" hits="0"/>
						<line number="153" hits="0"/>
						<line number="154" hits="0"/>
						<line number="156" hits="0"/>
						<line number="157" hits="0"/>
						<line number="158" hits="0"/>
						<line number="159" hits="0"/>
						<line number="161" hits="0"/>
						<line number="162" hits="0"/>
						<line number="164" hits="0"/>
						<line number="167" hits="0"/>
						<line number="170" hits="0"/>
						<line number="173" hits="0"/>
						<line number="174" hits="0"/>
						<line number="176" hits="0"/>
						<line number="183" hits="0"/>
						<line number="196" hits="0"/>
						<line number="197" hits="0"/>
						<line number="199" hits="0"/>
						<line number="202" hits="0"/>
						<line number="203" hits="0"/>
						<line number="205" hits="0"/>
						<line number="206" hits="0"/>
						<line number="210" hits="0"/>
						<line number="211" hits="0"/>
						<line number="214" hits="0"/>
						<line number="216" hits="0"/>
						<line number="220" hits="0"/>
						<line number="221" hits="0"/>
						<line number="222" hits="0"/>
						<line number="224" hits="0"/>
						<line number="226" hits="0"/>
						<line number="227" hits="0"/>
						<line number="229" hits="0"/>
						<line number="231" hits="0"/>
						<line number="232" hits="0"/>
						<line number="234" hits="0"/>
						<line number="235" hits="0"/>
						<line number="236" hits="0"/>
						<line number="237" hits="0"/>
						<line number="239" hits="0"/>
						<line number="240" hits="0"/>
						<line number="242" hits="0"/>
						<line number="243" hits="0"/>
						<line number="245" hits="0"/>
						<line number="251" hits="0"/>
						<line number="252" hits="0"/>
						<line number="254" hits="0"/>
						<line number="260" hits="0"/>
						<line number="261" hits="0"/>
						<line number="263" hits="0"/>
						<line number="264" hits="0"/>
						<line number="265" hits="0"/>
						<line number="266" hits="0"/>
						<line number="268" hits="0"/>
						<line number="280" hits="0"/>
						<line number="281" hits="0"/>
						<line number="282" hits="0"/>
						<line number="284" hits="0"/>
						<line number="286" hits="0"/>
						<line number="287" hits="0"/>
						<line number="289" hits="0"/>
						<line number="291" hits="0"/>
						<line number="292" hits="0"/>
						<line number="293" hits="0"/>
						<line number="294" hits="0"/>
						<line number="295" hits="0"/>
						<line number="297" hits="0"/>
						<line number="308" hits="0"/>
						<line number="309" hits="0"/>
						<line number="312" hits="0"/>
						<line number="313" hits="0"/>
						<line number="314" hits="0"/>
						<line number="315" hits="0"/>
						<line number="316" hits="0"/>
						<line number="317" hits="0"/>
						<line number="318" hits="0"/>
						<line number="319" hits="0"/>
						<line number="320" hits="0"/>
						<line number="321" hits="0"/>
						<line number="324" hits="0"/>
						<line number="325" hits="0"/>
						<line number="326" hits="0"/>
						<line number="329" hits="0"/>
						<line number="330" hits="0"/>
						<line number="333" hits="0"/>
						<line number="336" hits="0"/>
						<line number="337" hits="0"/>
						<line number="339" hits="0"/>
						<line number="341" hits="0"/>
						<line number="343" hits="0"/>
						<line number="344" hits="0"/>
						<line number="347" hits="0"/>
						<line number="364" hits="0"/>
						<line number="365" hits="0"/>
						<line number="369" hits="0"/>
						<line number="370" hits="0"/>
						<line number="373" hits="0"/>
						<line number="374" hits="0"/>
						<line number="375" hits="0"/>
						<line number="376" hits="0"/>
						<line number="378" hits="0"/>
						<line number="380" hits="0"/>
						<line number="381" hits="0"/>
						<line number="383" hits="0"/>
						<line number="384" hits="0"/>
						<line number="385" hits="0"/>
						<line number="386" hits="0"/>
						<line number="387" hits="0"/>
						<line number="393" hits="0"/>
						<line number="400" hits="0"/>
						<line number="401" hits="0"/>
						<line number="405" hits="0"/>
						<line number="407" hits="0"/>
						<line number="409" hits="0"/>
						<line number="410" hits="0"/>
						<line number="412" hits="0"/>
						<line number="413" hits="0"/>
						<line number="414" hits="0"/>
						<line number="415" hits="0"/>
						<line number="416" hits="0"/>
						<line number="424" hits="0"/>
						<line number="425" hits="0"/>
						<line number="426" hits="0"/>
						<line number="428" hits="0"/>
						<line number="429" hits="0"/>
						<line number="430" hits="0"/>
						<line number="432" hits="0"/>
						<line number="434" hits="0"/>
						<line number="436" hits="0"/>
						<line number="437" hits="0"/>
						<line number="439" hits="0"/>
						<line number="440" hits="0"/>
						<line number="441" hits="0"/>
						<line number="444" hits="0"/>
						<line number="445" hits="0"/>
						<line number="452" hits="0"/>
						<line number="453" hits="0"/>
						<line number="462" hits="0"/>
						<line number="463" hits="0"/>
						<line number="472" hits="0"/>
						<line number="473" hits="0"/>
						<line number="479" hits="0"/>
						<line number="481" hits="0"/>
						<line number="483" hits="0"/>
						<line number="485" hits="0"/>
						<line number="486" hits="0"/>
						<line number="487" hits="0"/>
						<line number="488" hits="0"/>
						<line number="489" hits="0"/>
						<line number="490" hits="0"/>
						<line number="492" hits="0"/>
						<line number="493" hits="0"/>
						<line number="494" hits="0"/>
						<line number="495" hits="0"/>
						<line number="497" hits="0"/>
						<line number="498" hits="0"/>
						<line number="499" hits="0"/>
						<line number="500" hits="0"/>
						<line number="501" hits="0"/>
						<line number="502" hits="0"/>
						<line number="503" hits="0"/>
						<line number="505" hits="0"/>
						<line number="506" hits="0"/>
						<line number="507" hits="0"/>
						<line number="509" hits="0"/>
						<line number="511" hits="0"/>
						<line number="513" hits="0"/>
						<line number="514" hits="0"/>
						<line number="516" hits="0"/>
						<line number="517" hits="0"/>
						<line number="518" hits="0"/>
						<line number="520" hits="0"/>
						<line number="532" hits="0"/>
						<line number="534" hits="0"/>
						<line number="536" hits="0"/>
						<line number="538" hits="0"/>
						<line number="539" hits="0"/>
						<line number="540" hits="0"/>
						<line number="541" hits="0"/>
						<line number="542" hits="0"/>
						<line number="543" hits="0"/>
						<line number="545" hits="0"/>
					</lines>
				</class>
				<class name="editor_agent.py" filename="agents/editor_agent.py" complexity="0" line-rate="0" branch-rate="0">
					<methods/>
					<lines>
						<line number="1" hits="0"/>
						<line number="2" hits="0"/>
						<line number="3" hits="0"/>
						<line number="4" hits="0"/>
						<line number="6" hits="0"/>
						<line number="7" hits="0"/>
						<line number="8" hits="0"/>
						<line number="9" hits="0"/>
						<line number="10" hits="0"/>
						<line number="12" hits="0"/>
						<line number="13" hits="0"/>
						<line number="15" hits="0"/>
						<line number="17" hits="0"/>
						<line number="18" hits="0"/>
						<line number="21" hits="0"/>
						<line number="22" hits="0"/>
						<line number="23" hits="0"/>
						<line number="26" hits="0"/>
						<line number="29" hits="0"/>
						<line number="34" hits="0"/>
						<line number="35" hits="0"/>
						<line number="37" hits="0"/>
						<line number="38" hits="0"/>
						<line number="39" hits="0"/>
					</lines>
				</class>
				<class name="enhanced_mission_parser.py" filename="agents/enhanced_mission_parser.py" complexity="0" line-rate="0" branch-rate="0">
					<methods/>
					<lines>
						<line number="6" hits="0"/>
						<line number="7" hits="0"/>
						<line number="8" hits="0"/>
						<line number="9" hits="0"/>
						<line number="10" hits="0"/>
						<line number="12" hits="0"/>
						<line number="13" hits="0"/>
						<line number="14" hits="0"/>
						<line number="15" hits="0"/>
						<line number="17" hits="0"/>
						<line number="20" hits="0"/>
						<line number="21" hits="0"/>
						<line number="23" hits="0"/>
						<line number="24" hits="0"/>
						<line number="25" hits="0"/>
						<line number="26" hits="0"/>
						<line number="27" hits="0"/>
						<line number="28" hits="0"/>
						<line number="29" hits="0"/>
						<line number="30" hits="0"/>
						<line number="31" hits="0"/>
						<line number="32" hits="0"/>
						<line number="34" hits="0"/>
						<line number="36" hits="0"/>
						<line number="50" hits="0"/>
						<line number="56" hits="0"/>
						<line number="58" hits="0"/>
						<line number="59" hits="0"/>
						<line number="60" hits="0"/>
						<line number="63" hits="0"/>
						<line number="64" hits="0"/>
						<line number="65" hits="0"/>
						<line number="66" hits="0"/>
						<line number="67" hits="0"/>
						<line number="68" hits="0"/>
						<line number="69" hits="0"/>
						<line number="70" hits="0"/>
						<line number="71" hits="0"/>
						<line number="73" hits="0"/>
						<line number="75" hits="0"/>
						<line number="77" hits="0"/>
						<line number="92" hits="0"/>
						<line number="93" hits="0"/>
						<line number="96" hits="0"/>
						<line number="99" hits="0"/>
						<line number="166" hits="0"/>
						<line number="168" hits="0"/>
						<line number="169" hits="0"/>
						<line number="170" hits="0"/>
						<line number="176" hits="0"/>
						<line number="177" hits="0"/>
						<line number="178" hits="0"/>
						<line number="180" hits="0"/>
						<line number="181" hits="0"/>
						<line number="182" hits="0"/>
						<line number="190" hits="0"/>
						<line number="191" hits="0"/>
						<line number="192" hits="0"/>
						<line number="193" hits="0"/>
						<line number="194" hits="0"/>
						<line number="195" hits="0"/>
						<line number="197" hits="0"/>
						<line number="199" hits="0"/>
						<line number="200" hits="0"/>
						<line number="202" hits="0"/>
						<line number="216" hits="0"/>
						<line number="218" hits="0"/>
						<line number="219" hits="0"/>
						<line number="220" hits="0"/>
						<line number="222" hits="0"/>
						<line number="224" hits="0"/>
						<line number="225" hits="0"/>
						<line number="228" hits="0"/>
						<line number="229" hits="0"/>
						<line number="230" hits="0"/>
						<line number="233" hits="0"/>
						<line number="234" hits="0"/>
						<line number="235" hits="0"/>
						<line number="236" hits="0"/>
						<line number="237" hits="0"/>
						<line number="239" hits="0"/>
						<line number="240" hits="0"/>
						<line number="241" hits="0"/>
						<line number="242" hits="0"/>
						<line number="243" hits="0"/>
						<line number="244" hits="0"/>
						<line number="246" hits="0"/>
						<line number="248" hits="0"/>
						<line number="249" hits="0"/>
						<line number="251" hits="0"/>
						<line number="253" hits="0"/>
						<line number="255" hits="0"/>
						<line number="258" hits="0"/>
						<line number="267" hits="0"/>
						<line number="274" hits="0"/>
						<line number="275" hits="0"/>
						<line number="278" hits="0"/>
						<line number="279" hits="0"/>
						<line number="280" hits="0"/>
						<line number="281" hits="0"/>
						<line number="282" hits="0"/>
						<line number="283" hits="0"/>
						<line number="286" hits="0"/>
						<line number="287" hits="0"/>
						<line number="288" hits="0"/>
						<line number="289" hits="0"/>
						<line number="290" hits="0"/>
						<line number="291" hits="0"/>
						<line number="294" hits="0"/>
						<line number="295" hits="0"/>
						<line number="296" hits="0"/>
						<line number="297" hits="0"/>
						<line number="298" hits="0"/>
						<line number="299" hits="0"/>
						<line number="300" hits="0"/>
						<line number="303" hits="0"/>
						<line number="307" hits="0"/>
						<line number="309" hits="0"/>
						<line number="310" hits="0"/>
						<line number="311" hits="0"/>
						<line number="313" hits="0"/>
						<line number="319" hits="0"/>
						<line number="321" hits="0"/>
						<line number="323" hits="0"/>
						<line number="324" hits="0"/>
						<line number="327" hits="0"/>
						<line number="328" hits="0"/>
						<line number="331" hits="0"/>
						<line number="332" hits="0"/>
						<line number="333" hits="0"/>
						<line number="335" hits="0"/>
						<line number="338" hits="0"/>
						<line number="339" hits="0"/>
						<line number="340" hits="0"/>
						<line number="341" hits="0"/>
						<line number="343" hits="0"/>
						<line number="356" hits="0"/>
						<line number="358" hits="0"/>
						<line number="360" hits="0"/>
						<line number="361" hits="0"/>
						<line number="362" hits="0"/>
						<line number="363" hits="0"/>
						<line number="364" hits="0"/>
						<line number="365" hits="0"/>
						<line number="366" hits="0"/>
						<line number="367" hits="0"/>
						<line number="368" hits="0"/>
						<line number="369" hits="0"/>
						<line number="371" hits="0"/>
						<line number="373" hits="0"/>
						<line number="375" hits="0"/>
					</lines>
				</class>
				<class name="fact_checker_agent.py" filename="agents/fact_checker_agent.py" complexity="0" line-rate="0" branch-rate="0">
					<methods/>
					<lines>
						<line number="7" hits="0"/>
						<line number="8" hits="0"/>
						<line number="9" hits="0"/>
						<line number="10" hits="0"/>
						<line number="11" hits="0"/>
						<line number="12" hits="0"/>
						<line number="13" hits="0"/>
						<line number="14" hits="0"/>
						<line number="16" hits="0"/>
						<line number="17" hits="0"/>
						<line number="18" hits="0"/>
						<line number="19" hits="0"/>
						<line number="20" hits="0"/>
						<line number="22" hits="0"/>
						<line number="23" hits="0"/>
						<line number="24" hits="0"/>
						<line number="25" hits="0"/>
						<line number="26" hits="0"/>
						<line number="27" hits="0"/>
						<line number="29" hits="0"/>
						<line number="30" hits="0"/>
						<line number="31" hits="0"/>
						<line number="33" hits="0"/>
						<line number="36" hits="0"/>
						<line number="37" hits="0"/>
						<line number="39" hits="0"/>
						<line number="40" hits="0"/>
						<line number="41" hits="0"/>
						<line number="42" hits="0"/>
						<line number="43" hits="0"/>
						<line number="44" hits="0"/>
						<line number="45" hits="0"/>
						<line number="46" hits="0"/>
						<line number="49" hits="0"/>
						<line number="50" hits="0"/>
						<line number="52" hits="0"/>
						<line number="53" hits="0"/>
						<line number="54" hits="0"/>
						<line number="55" hits="0"/>
						<line number="56" hits="0"/>
						<line number="57" hits="0"/>
						<line number="58" hits="0"/>
						<line number="61" hits="0"/>
						<line number="62" hits="0"/>
						<line number="64" hits="0"/>
						<line number="65" hits="0"/>
						<line number="66" hits="0"/>
						<line number="67" hits="0"/>
						<line number="68" hits="0"/>
						<line number="69" hits="0"/>
						<line number="70" hits="0"/>
						<line number="71" hits="0"/>
						<line number="74" hits="0"/>
						<line number="77" hits="0"/>
						<line number="78" hits="0"/>
						<line number="79" hits="0"/>
						<line number="81" hits="0"/>
						<line number="82" hits="0"/>
						<line number="83" hits="0"/>
						<line number="85" hits="0"/>
						<line number="86" hits="0"/>
						<line number="88" hits="0"/>
						<line number="91" hits="0"/>
						<line number="92" hits="0"/>
						<line number="93" hits="0"/>
						<line number="96" hits="0"/>
						<line number="102" hits="0"/>
						<line number="104" hits="0"/>
						<line number="107" hits="0"/>
						<line number="108" hits="0"/>
						<line number="111" hits="0"/>
						<line number="114" hits="0"/>
						<line number="115" hits="0"/>
						<line number="116" hits="0"/>
						<line number="117" hits="0"/>
						<line number="120" hits="0"/>
						<line number="123" hits="0"/>
						<line number="127" hits="0"/>
						<line number="144" hits="0"/>
						<line number="145" hits="0"/>
						<line number="146" hits="0"/>
						<line number="148" hits="0"/>
						<line number="150" hits="0"/>
						<line number="151" hits="0"/>
						<line number="152" hits="0"/>
						<line number="154" hits="0"/>
						<line number="175" hits="0"/>
						<line number="178" hits="0"/>
						<line number="179" hits="0"/>
						<line number="180" hits="0"/>
						<line number="181" hits="0"/>
						<line number="182" hits="0"/>
						<line number="183" hits="0"/>
						<line number="185" hits="0"/>
						<line number="187" hits="0"/>
						<line number="188" hits="0"/>
						<line number="189" hits="0"/>
						<line number="191" hits="0"/>
						<line number="194" hits="0"/>
						<line number="197" hits="0"/>
						<line number="198" hits="0"/>
						<line number="199" hits="0"/>
						<line number="200" hits="0"/>
						<line number="205" hits="0"/>
						<line number="207" hits="0"/>
						<line number="209" hits="0"/>
						<line number="211" hits="0"/>
						<line number="213" hits="0"/>
						<line number="214" hits="0"/>
						<line number="215" hits="0"/>
						<line number="216" hits="0"/>
						<line number="217" hits="0"/>
						<line number="218" hits="0"/>
						<line number="220" hits="0"/>
						<line number="223" hits="0"/>
						<line number="226" hits="0"/>
						<line number="229" hits="0"/>
						<line number="231" hits="0"/>
						<line number="233" hits="0"/>
						<line number="234" hits="0"/>
						<line number="235" hits="0"/>
						<line number="246" hits="0"/>
						<line number="248" hits="0"/>
						<line number="250" hits="0"/>
						<line number="251" hits="0"/>
						<line number="252" hits="0"/>
						<line number="254" hits="0"/>
						<line number="256" hits="0"/>
						<line number="260" hits="0"/>
						<line number="265" hits="0"/>
						<line number="272" hits="0"/>
						<line number="273" hits="0"/>
						<line number="276" hits="0"/>
						<line number="279" hits="0"/>
						<line number="286" hits="0"/>
						<line number="288" hits="0"/>
						<line number="289" hits="0"/>
						<line number="290" hits="0"/>
						<line number="292" hits="0"/>
						<line number="293" hits="0"/>
						<line number="295" hits="0"/>
						<line number="297" hits="0"/>
						<line number="299" hits="0"/>
						<line number="300" hits="0"/>
						<line number="301" hits="0"/>
						<line number="304" hits="0"/>
						<line number="305" hits="0"/>
						<line number="306" hits="0"/>
						<line number="313" hits="0"/>
						<line number="339" hits="0"/>
						<line number="342" hits="0"/>
						<line number="343" hits="0"/>
						<line number="344" hits="0"/>
						<line number="346" hits="0"/>
						<line number="357" hits="0"/>
						<line number="359" hits="0"/>
						<line number="360" hits="0"/>
						<line number="361" hits="0"/>
						<line number="363" hits="0"/>
						<line number="365" hits="0"/>
						<line number="367" hits="0"/>
						<line number="368" hits="0"/>
						<line number="369" hits="0"/>
						<line number="370" hits="0"/>
						<line number="371" hits="0"/>
						<line number="373" hits="0"/>
						<line number="376" hits="0"/>
						<line number="379" hits="0"/>
						<line number="382" hits="0"/>
						<line number="384" hits="0"/>
						<line number="386" hits="0"/>
						<line number="387" hits="0"/>
						<line number="388" hits="0"/>
						<line number="390" hits="0"/>
						<line number="392" hits="0"/>
						<line number="393" hits="0"/>
						<line number="394" hits="0"/>
						<line number="399" hits="0"/>
						<line number="403" hits="0"/>
						<line number="420" hits="0"/>
						<line number="421" hits="0"/>
						<line number="430" hits="0"/>
						<line number="432" hits="0"/>
						<line number="433" hits="0"/>
						<line number="434" hits="0"/>
						<line number="436" hits="0"/>
						<line number="438" hits="0"/>
						<line number="439" hits="0"/>
						<line number="440" hits="0"/>
						<line number="443" hits="0"/>
						<line number="444" hits="0"/>
						<line number="445" hits="0"/>
						<line number="453" hits="0"/>
						<line number="477" hits="0"/>
						<line number="480" hits="0"/>
						<line number="481" hits="0"/>
						<line number="482" hits="0"/>
						<line number="484" hits="0"/>
						<line number="495" hits="0"/>
						<line number="497" hits="0"/>
						<line number="498" hits="0"/>
						<line number="499" hits="0"/>
						<line number="501" hits="0"/>
						<line number="506" hits="0"/>
						<line number="507" hits="0"/>
						<line number="508" hits="0"/>
						<line number="511" hits="0"/>
						<line number="512" hits="0"/>
						<line number="513" hits="0"/>
						<line number="514" hits="0"/>
						<line number="515" hits="0"/>
						<line number="516" hits="0"/>
						<line number="517" hits="0"/>
						<line number="518" hits="0"/>
						<line number="520" hits="0"/>
						<line number="558" hits="0"/>
						<line number="561" hits="0"/>
						<line number="562" hits="0"/>
						<line number="563" hits="0"/>
						<line number="564" hits="0"/>
						<line number="566" hits="0"/>
						<line number="568" hits="0"/>
						<line number="569" hits="0"/>
						<line number="570" hits="0"/>
						<line number="572" hits="0"/>
						<line number="574" hits="0"/>
						<line number="575" hits="0"/>
						<line number="577" hits="0"/>
						<line number="578" hits="0"/>
						<line number="579" hits="0"/>
						<line number="580" hits="0"/>
						<line number="581" hits="0"/>
						<line number="582" hits="0"/>
						<line number="583" hits="0"/>
						<line number="584" hits="0"/>
						<line number="586" hits="0"/>
						<line number="588" hits="0"/>
						<line number="590" hits="0"/>
						<line number="593" hits="0"/>
						<line number="595" hits="0"/>
						<line number="596" hits="0"/>
						<line number="597" hits="0"/>
						<line number="598" hits="0"/>
						<line number="600" hits="0"/>
						<line number="602" hits="0"/>
						<line number="604" hits="0"/>
						<line number="615" hits="0"/>
						<line number="617" hits="0"/>
						<line number="639" hits="0"/>
						<line number="641" hits="0"/>
						<line number="652" hits="0"/>
						<line number="654" hits="0"/>
						<line number="665" hits="0"/>
						<line number="667" hits="0"/>
						<line number="679" hits="0"/>
						<line number="681" hits="0"/>
					</lines>
				</class>
				<class name="gemini_helper.py" filename="agents/gemini_helper.py" complexity="0" line-rate="0" branch-rate="0">
					<methods/>
					<lines>
						<line number="5" hits="0"/>
						<line number="6" hits="0"/>
						<line number="7" hits="0"/>
						<line number="8" hits="0"/>
						<line number="9" hits="0"/>
						<line number="10" hits="0"/>
						<line number="11" hits="0"/>
						<line number="13" hits="0"/>
						<line number="16" hits="0"/>
						<line number="19" hits="0"/>
						<line number="20" hits="0"/>
						<line number="31" hits="0"/>
						<line number="32" hits="0"/>
						<line number="35" hits="0"/>
						<line number="36" hits="0"/>
						<line number="39" hits="0"/>
						<line number="42" hits="0"/>
						<line number="43" hits="0"/>
						<line number="45" hits="0"/>
						<line number="47" hits="0"/>
						<line number="48" hits="0"/>
						<line number="58" hits="0"/>
						<line number="59" hits="0"/>
						<line number="62" hits="0"/>
						<line number="63" hits="0"/>
						<line number="64" hits="0"/>
						<line number="67" hits="0"/>
						<line number="68" hits="0"/>
						<line number="70" hits="0"/>
						<line number="73" hits="0"/>
						<line number="86" hits="0"/>
						<line number="87" hits="0"/>
						<line number="90" hits="0"/>
						<line number="91" hits="0"/>
						<line number="92" hits="0"/>
						<line number="94" hits="0"/>
						<line number="95" hits="0"/>
						<line number="96" hits="0"/>
						<line number="97" hits="0"/>
						<line number="99" hits="0"/>
					</lines>
				</class>
				<class name="image_timing_agent.py" filename="agents/image_timing_agent.py" complexity="0" line-rate="0" branch-rate="0">
					<methods/>
					<lines>
						<line number="8" hits="0"/>
						<line number="9" hits="0"/>
						<line number="10" hits="0"/>
						<line number="11" hits="0"/>
						<line number="12" hits="0"/>
						<line number="13" hits="0"/>
						<line number="15" hits="0"/>
						<line number="16" hits="0"/>
						<line number="22" hits="0"/>
						<line number="24" hits="0"/>
						<line number="25" hits="0"/>
						<line number="26" hits="0"/>
						<line number="29" hits="0"/>
						<line number="50" hits="0"/>
						<line number="65" hits="0"/>
						<line number="66" hits="0"/>
						<line number="68" hits="0"/>
						<line number="70" hits="0"/>
						<line number="155" hits="0"/>
						<line number="158" hits="0"/>
						<line number="161" hits="0"/>
						<line number="162" hits="0"/>
						<line number="163" hits="0"/>
						<line number="164" hits="0"/>
						<line number="166" hits="0"/>
						<line number="169" hits="0"/>
						<line number="175" hits="0"/>
						<line number="176" hits="0"/>
						<line number="177" hits="0"/>
						<line number="178" hits="0"/>
						<line number="179" hits="0"/>
						<line number="181" hits="0"/>
						<line number="182" hits="0"/>
						<line number="183" hits="0"/>
						<line number="184" hits="0"/>
						<line number="185" hits="0"/>
						<line number="187" hits="0"/>
						<line number="189" hits="0"/>
						<line number="190" hits="0"/>
						<line number="191" hits="0"/>
						<line number="196" hits="0"/>
						<line number="197" hits="0"/>
						<line number="198" hits="0"/>
						<line number="204" hits="0"/>
						<line number="214" hits="0"/>
						<line number="217" hits="0"/>
						<line number="218" hits="0"/>
						<line number="221" hits="0"/>
						<line number="228" hits="0"/>
						<line number="229" hits="0"/>
						<line number="231" hits="0"/>
						<line number="310" hits="0"/>
						<line number="313" hits="0"/>
						<line number="316" hits="0"/>
						<line number="317" hits="0"/>
						<line number="318" hits="0"/>
						<line number="319" hits="0"/>
						<line number="321" hits="0"/>
						<line number="324" hits="0"/>
						<line number="330" hits="0"/>
						<line number="331" hits="0"/>
						<line number="332" hits="0"/>
						<line number="333" hits="0"/>
						<line number="335" hits="0"/>
						<line number="336" hits="0"/>
						<line number="337" hits="0"/>
						<line number="338" hits="0"/>
						<line number="340" hits="0"/>
						<line number="342" hits="0"/>
						<line number="343" hits="0"/>
						<line number="344" hits="0"/>
						<line number="345" hits="0"/>
						<line number="346" hits="0"/>
						<line number="347" hits="0"/>
						<line number="349" hits="0"/>
						<line number="356" hits="0"/>
						<line number="357" hits="0"/>
						<line number="360" hits="0"/>
						<line number="361" hits="0"/>
						<line number="364" hits="0"/>
						<line number="365" hits="0"/>
						<line number="368" hits="0"/>
						<line number="369" hits="0"/>
						<line number="370" hits="0"/>
						<line number="371" hits="0"/>
						<line number="372" hits="0"/>
						<line number="373" hits="0"/>
						<line number="375" hits="0"/>
						<line number="378" hits="0"/>
						<line number="379" hits="0"/>
						<line number="381" hits="0"/>
						<line number="382" hits="0"/>
						<line number="384" hits="0"/>
						<line number="385" hits="0"/>
						<line number="386" hits="0"/>
						<line number="387" hits="0"/>
						<line number="389" hits="0"/>
						<line number="390" hits="0"/>
						<line number="393" hits="0"/>
						<line number="394" hits="0"/>
						<line number="397" hits="0"/>
						<line number="398" hits="0"/>
						<line number="399" hits="0"/>
						<line number="400" hits="0"/>
						<line number="402" hits="0"/>
						<line number="403" hits="0"/>
						<line number="404" hits="0"/>
						<line number="406" hits="0"/>
						<line number="408" hits="0"/>
						<line number="415" hits="0"/>
						<line number="416" hits="0"/>
						<line number="419" hits="0"/>
						<line number="422" hits="0"/>
						<line number="423" hits="0"/>
						<line number="424" hits="0"/>
						<line number="427" hits="0"/>
						<line number="428" hits="0"/>
						<line number="429" hits="0"/>
						<line number="432" hits="0"/>
						<line number="434" hits="0"/>
						<line number="437" hits="0"/>
						<line number="438" hits="0"/>
						<line number="441" hits="0"/>
						<line number="442" hits="0"/>
						<line number="444" hits="0"/>
						<line number="446" hits="0"/>
						<line number="453" hits="0"/>
						<line number="454" hits="0"/>
						<line number="456" hits="0"/>
						<line number="458" hits="0"/>
						<line number="459" hits="0"/>
						<line number="461" hits="0"/>
						<line number="463" hits="0"/>
						<line number="466" hits="0"/>
						<line number="467" hits="0"/>
						<line number="468" hits="0"/>
						<line number="469" hits="0"/>
						<line number="470" hits="0"/>
						<line number="471" hits="0"/>
						<line number="474" hits="0"/>
						<line number="475" hits="0"/>
						<line number="478" hits="0"/>
						<line number="479" hits="0"/>
						<line number="481" hits="0"/>
						<line number="482" hits="0"/>
						<line number="484" hits="0"/>
						<line number="486" hits="0"/>
						<line number="489" hits="0"/>
						<line number="492" hits="0"/>
						<line number="493" hits="0"/>
						<line number="494" hits="0"/>
						<line number="496" hits="0"/>
						<line number="497" hits="0"/>
						<line number="500" hits="0"/>
						<line number="501" hits="0"/>
						<line number="504" hits="0"/>
						<line number="505" hits="0"/>
						<line number="508" hits="0"/>
						<line number="509" hits="0"/>
						<line number="511" hits="0"/>
						<line number="522" hits="0"/>
						<line number="524" hits="0"/>
						<line number="543" hits="0"/>
						<line number="548" hits="0"/>
						<line number="549" hits="0"/>
						<line number="550" hits="0"/>
						<line number="553" hits="0"/>
						<line number="555" hits="0"/>
						<line number="560" hits="0"/>
						<line number="561" hits="0"/>
						<line number="562" hits="0"/>
						<line number="564" hits="0"/>
						<line number="570" hits="0"/>
					</lines>
				</class>
				<class name="mission_analyzer.py" filename="agents/mission_analyzer.py" complexity="0" line-rate="0" branch-rate="0">
					<methods/>
					<lines>
						<line number="6" hits="0"/>
						<line number="7" hits="0"/>
						<line number="8" hits="0"/>
						<line number="9" hits="0"/>
						<line number="10" hits="0"/>
						<line number="12" hits="0"/>
						<line number="13" hits="0"/>
						<line number="15" hits="0"/>
						<line number="18" hits="0"/>
						<line number="19" hits="0"/>
						<line number="22" hits="0"/>
						<line number="23" hits="0"/>
						<line number="26" hits="0"/>
						<line number="27" hits="0"/>
						<line number="28" hits="0"/>
						<line number="29" hits="0"/>
						<line number="32" hits="0"/>
						<line number="33" hits="0"/>
						<line number="34" hits="0"/>
						<line number="35" hits="0"/>
						<line number="38" hits="0"/>
						<line number="39" hits="0"/>
						<line number="40" hits="0"/>
						<line number="42" hits="0"/>
						<line number="44" hits="0"/>
						<line number="47" hits="0"/>
						<line number="53" hits="0"/>
						<line number="55" hits="0"/>
						<line number="56" hits="0"/>
						<line number="59" hits="0"/>
						<line number="60" hits="0"/>
						<line number="61" hits="0"/>
						<line number="62" hits="0"/>
						<line number="63" hits="0"/>
						<line number="64" hits="0"/>
						<line number="65" hits="0"/>
						<line number="66" hits="0"/>
						<line number="68" hits="0"/>
						<line number="81" hits="0"/>
						<line number="82" hits="0"/>
						<line number="85" hits="0"/>
						<line number="88" hits="0"/>
						<line number="90" hits="0"/>
						<line number="92" hits="0"/>
						<line number="93" hits="0"/>
						<line number="94" hits="0"/>
						<line number="95" hits="0"/>
						<line number="96" hits="0"/>
						<line number="97" hits="0"/>
						<line number="98" hits="0"/>
						<line number="99" hits="0"/>
						<line number="102" hits="0"/>
						<line number="103" hits="0"/>
						<line number="105" hits="0"/>
						<line number="106" hits="0"/>
						<line number="107" hits="0"/>
						<line number="109" hits="0"/>
						<line number="113" hits="0"/>
						<line number="114" hits="0"/>
						<line number="115" hits="0"/>
						<line number="117" hits="0"/>
						<line number="200" hits="0"/>
						<line number="202" hits="0"/>
						<line number="204" hits="0"/>
						<line number="251" hits="0"/>
						<line number="253" hits="0"/>
						<line number="254" hits="0"/>
						<line number="256" hits="0"/>
						<line number="257" hits="0"/>
						<line number="266" hits="0"/>
						<line number="267" hits="0"/>
						<line number="268" hits="0"/>
						<line number="269" hits="0"/>
						<line number="271" hits="0"/>
						<line number="273" hits="0"/>
						<line number="275" hits="0"/>
						<line number="278" hits="0"/>
						<line number="279" hits="0"/>
						<line number="282" hits="0"/>
						<line number="285" hits="0"/>
						<line number="301" hits="0"/>
						<line number="302" hits="0"/>
						<line number="303" hits="0"/>
						<line number="304" hits="0"/>
						<line number="306" hits="0"/>
						<line number="308" hits="0"/>
						<line number="311" hits="0"/>
						<line number="312" hits="0"/>
						<line number="315" hits="0"/>
						<line number="316" hits="0"/>
						<line number="319" hits="0"/>
						<line number="320" hits="0"/>
						<line number="321" hits="0"/>
						<line number="322" hits="0"/>
						<line number="323" hits="0"/>
						<line number="325" hits="0"/>
						<line number="328" hits="0"/>
						<line number="329" hits="0"/>
						<line number="330" hits="0"/>
						<line number="332" hits="0"/>
						<line number="333" hits="0"/>
						<line number="334" hits="0"/>
						<line number="344" hits="0"/>
					</lines>
				</class>
				<class name="mission_planning_agent.py" filename="agents/mission_planning_agent.py" complexity="0" line-rate="0" branch-rate="0">
					<methods/>
					<lines>
						<line number="6" hits="0"/>
						<line number="7" hits="0"/>
						<line number="8" hits="0"/>
						<line number="9" hits="0"/>
						<line number="10" hits="0"/>
						<line number="11" hits="0"/>
						<line number="13" hits="0"/>
						<line number="14" hits="0"/>
						<line number="15" hits="0"/>
						<line number="16" hits="0"/>
						<line number="17" hits="0"/>
						<line number="18" hits="0"/>
						<line number="19" hits="0"/>
						<line number="21" hits="0"/>
						<line number="22" hits="0"/>
						<line number="25" hits="0"/>
						<line number="27" hits="0"/>
						<line number="28" hits="0"/>
						<line number="29" hits="0"/>
						<line number="30" hits="0"/>
						<line number="31" hits="0"/>
						<line number="32" hits="0"/>
						<line number="33" hits="0"/>
						<line number="34" hits="0"/>
						<line number="35" hits="0"/>
						<line number="36" hits="0"/>
						<line number="37" hits="0"/>
						<line number="38" hits="0"/>
						<line number="39" hits="0"/>
						<line number="40" hits="0"/>
						<line number="41" hits="0"/>
						<line number="42" hits="0"/>
						<line number="43" hits="0"/>
						<line number="46" hits="0"/>
						<line number="47" hits="0"/>
						<line number="49" hits="0"/>
						<line number="50" hits="0"/>
						<line number="51" hits="0"/>
						<line number="52" hits="0"/>
						<line number="53" hits="0"/>
						<line number="54" hits="0"/>
						<line number="55" hits="0"/>
						<line number="56" hits="0"/>
						<line number="57" hits="0"/>
						<line number="58" hits="0"/>
						<line number="59" hits="0"/>
						<line number="60" hits="0"/>
						<line number="61" hits="0"/>
						<line number="62" hits="0"/>
						<line number="63" hits="0"/>
						<line number="64" hits="0"/>
						<line number="65" hits="0"/>
						<line number="66" hits="0"/>
						<line number="69" hits="0"/>
						<line number="78" hits="0"/>
						<line number="80" hits="0"/>
						<line number="81" hits="0"/>
						<line number="83" hits="0"/>
						<line number="84" hits="0"/>
						<line number="86" hits="0"/>
						<line number="87" hits="0"/>
						<line number="88" hits="0"/>
						<line number="89" hits="0"/>
						<line number="90" hits="0"/>
						<line number="91" hits="0"/>
						<line number="93" hits="0"/>
						<line number="94" hits="0"/>
						<line number="97" hits="0"/>
						<line number="100" hits="0"/>
						<line number="103" hits="0"/>
						<line number="106" hits="0"/>
						<line number="126" hits="0"/>
						<line number="127" hits="0"/>
						<line number="128" hits="0"/>
						<line number="129" hits="0"/>
						<line number="131" hits="0"/>
						<line number="151" hits="0"/>
						<line number="152" hits="0"/>
						<line number="155" hits="0"/>
						<line number="157" hits="0"/>
						<line number="159" hits="0"/>
						<line number="162" hits="0"/>
						<line number="165" hits="0"/>
						<line number="168" hits="0"/>
						<line number="170" hits="0"/>
						<line number="172" hits="0"/>
						<line number="173" hits="0"/>
						<line number="175" hits="0"/>
						<line number="177" hits="0"/>
						<line number="179" hits="0"/>
						<line number="181" hits="0"/>
						<line number="182" hits="0"/>
						<line number="183" hits="0"/>
						<line number="184" hits="0"/>
						<line number="187" hits="0"/>
						<line number="189" hits="0"/>
						<line number="190" hits="0"/>
						<line number="191" hits="0"/>
						<line number="193" hits="0"/>
						<line number="195" hits="0"/>
						<line number="197" hits="0"/>
						<line number="198" hits="0"/>
						<line number="199" hits="0"/>
						<line number="201" hits="0"/>
						<line number="228" hits="0"/>
						<line number="229" hits="0"/>
						<line number="234" hits="0"/>
						<line number="235" hits="0"/>
						<line number="238" hits="0"/>
						<line number="240" hits="0"/>
						<line number="241" hits="0"/>
						<line number="242" hits="0"/>
						<line number="243" hits="0"/>
						<line number="244" hits="0"/>
						<line number="245" hits="0"/>
						<line number="246" hits="0"/>
						<line number="247" hits="0"/>
						<line number="248" hits="0"/>
						<line number="249" hits="0"/>
						<line number="251" hits="0"/>
						<line number="252" hits="0"/>
						<line number="253" hits="0"/>
						<line number="254" hits="0"/>
						<line number="255" hits="0"/>
						<line number="256" hits="0"/>
						<line number="257" hits="0"/>
						<line number="258" hits="0"/>
						<line number="260" hits="0"/>
						<line number="261" hits="0"/>
						<line number="262" hits="0"/>
						<line number="263" hits="0"/>
						<line number="266" hits="0"/>
						<line number="268" hits="0"/>
						<line number="271" hits="0"/>
						<line number="272" hits="0"/>
						<line number="273" hits="0"/>
						<line number="274" hits="0"/>
						<line number="275" hits="0"/>
						<line number="276" hits="0"/>
						<line number="278" hits="0"/>
						<line number="280" hits="0"/>
						<line number="281" hits="0"/>
						<line number="282" hits="0"/>
						<line number="284" hits="0"/>
						<line number="286" hits="0"/>
						<line number="288" hits="0"/>
						<line number="291" hits="0"/>
						<line number="312" hits="0"/>
						<line number="313" hits="0"/>
						<line number="314" hits="0"/>
						<line number="315" hits="0"/>
						<line number="318" hits="0"/>
						<line number="319" hits="0"/>
						<line number="321" hits="0"/>
						<line number="329" hits="0"/>
						<line number="331" hits="0"/>
						<line number="397" hits="0"/>
						<line number="398" hits="0"/>
						<line number="403" hits="0"/>
						<line number="406" hits="0"/>
						<line number="408" hits="0"/>
						<line number="409" hits="0"/>
						<line number="410" hits="0"/>
						<line number="411" hits="0"/>
						<line number="412" hits="0"/>
						<line number="414" hits="0"/>
						<line number="415" hits="0"/>
						<line number="416" hits="0"/>
						<line number="417" hits="0"/>
						<line number="418" hits="0"/>
						<line number="419" hits="0"/>
						<line number="421" hits="0"/>
						<line number="423" hits="0"/>
						<line number="424" hits="0"/>
						<line number="425" hits="0"/>
						<line number="426" hits="0"/>
						<line number="427" hits="0"/>
						<line number="428" hits="0"/>
						<line number="429" hits="0"/>
						<line number="432" hits="0"/>
						<line number="433" hits="0"/>
						<line number="440" hits="0"/>
						<line number="441" hits="0"/>
						<line number="448" hits="0"/>
						<line number="449" hits="0"/>
						<line number="457" hits="0"/>
						<line number="466" hits="0"/>
						<line number="487" hits="0"/>
						<line number="488" hits="0"/>
						<line number="489" hits="0"/>
						<line number="490" hits="0"/>
						<line number="491" hits="0"/>
						<line number="492" hits="0"/>
						<line number="493" hits="0"/>
						<line number="494" hits="0"/>
						<line number="495" hits="0"/>
						<line number="496" hits="0"/>
						<line number="497" hits="0"/>
						<line number="498" hits="0"/>
						<line number="499" hits="0"/>
						<line number="500" hits="0"/>
						<line number="501" hits="0"/>
						<line number="503" hits="0"/>
						<line number="505" hits="0"/>
						<line number="506" hits="0"/>
						<line number="509" hits="0"/>
						<line number="511" hits="0"/>
						<line number="520" hits="0"/>
						<line number="521" hits="0"/>
						<line number="522" hits="0"/>
						<line number="529" hits="0"/>
						<line number="530" hits="0"/>
						<line number="536" hits="0"/>
						<line number="545" hits="0"/>
						<line number="546" hits="0"/>
						<line number="553" hits="0"/>
						<line number="554" hits="0"/>
						<line number="555" hits="0"/>
						<line number="556" hits="0"/>
						<line number="557" hits="0"/>
						<line number="558" hits="0"/>
						<line number="561" hits="0"/>
						<line number="601" hits="0"/>
						<line number="602" hits="0"/>
						<line number="604" hits="0"/>
						<line number="613" hits="0"/>
						<line number="615" hits="0"/>
						<line number="616" hits="0"/>
						<line number="618" hits="0"/>
						<line number="619" hits="0"/>
						<line number="621" hits="0"/>
						<line number="624" hits="0"/>
						<line number="626" hits="0"/>
						<line number="662" hits="0"/>
						<line number="663" hits="0"/>
						<line number="665" hits="0"/>
						<line number="672" hits="0"/>
						<line number="695" hits="0"/>
						<line number="697" hits="0"/>
						<line number="699" hits="0"/>
						<line number="710" hits="0"/>
						<line number="712" hits="0"/>
						<line number="715" hits="0"/>
						<line number="716" hits="0"/>
						<line number="722" hits="0"/>
						<line number="723" hits="0"/>
						<line number="729" hits="0"/>
						<line number="730" hits="0"/>
						<line number="737" hits="0"/>
						<line number="744" hits="0"/>
						<line number="745" hits="0"/>
						<line number="746" hits="0"/>
						<line number="748" hits="0"/>
						<line number="749" hits="0"/>
						<line number="751" hits="0"/>
						<line number="752" hits="0"/>
						<line number="754" hits="0"/>
					</lines>
				</class>
				<class name="multi_agent_discussion.py" filename="agents/multi_agent_discussion.py" complexity="0" line-rate="0" branch-rate="0">
					<methods/>
					<lines>
						<line number="6" hits="0"/>
						<line number="7" hits="0"/>
						<line number="8" hits="0"/>
						<line number="9" hits="0"/>
						<line number="10" hits="0"/>
						<line number="11" hits="0"/>
						<line number="12" hits="0"/>
						<line number="13" hits="0"/>
						<line number="14" hits="0"/>
						<line number="15" hits="0"/>
						<line number="17" hits="0"/>
						<line number="19" hits="0"/>
						<line number="20" hits="0"/>
						<line number="21" hits="0"/>
						<line number="22" hits="0"/>
						<line number="23" hits="0"/>
						<line number="25" hits="0"/>
						<line number="26" hits="0"/>
						<line number="29" hits="0"/>
						<line number="30" hits="0"/>
						<line number="31" hits="0"/>
						<line number="32" hits="0"/>
						<line number="33" hits="0"/>
						<line number="34" hits="0"/>
						<line number="35" hits="0"/>
						<line number="38" hits="0"/>
						<line number="39" hits="0"/>
						<line number="40" hits="0"/>
						<line number="41" hits="0"/>
						<line number="42" hits="0"/>
						<line number="43" hits="0"/>
						<line number="44" hits="0"/>
						<line number="45" hits="0"/>
						<line number="46" hits="0"/>
						<line number="47" hits="0"/>
						<line number="48" hits="0"/>
						<line number="49" hits="0"/>
						<line number="50" hits="0"/>
						<line number="51" hits="0"/>
						<line number="52" hits="0"/>
						<line number="54" hits="0"/>
						<line number="55" hits="0"/>
						<line number="57" hits="0"/>
						<line number="58" hits="0"/>
						<line number="59" hits="0"/>
						<line number="60" hits="0"/>
						<line number="61" hits="0"/>
						<line number="62" hits="0"/>
						<line number="63" hits="0"/>
						<line number="64" hits="0"/>
						<line number="65" hits="0"/>
						<line number="67" hits="0"/>
						<line number="68" hits="0"/>
						<line number="70" hits="0"/>
						<line number="71" hits="0"/>
						<line number="72" hits="0"/>
						<line number="73" hits="0"/>
						<line number="74" hits="0"/>
						<line number="75" hits="0"/>
						<line number="76" hits="0"/>
						<line number="78" hits="0"/>
						<line number="79" hits="0"/>
						<line number="81" hits="0"/>
						<line number="82" hits="0"/>
						<line number="83" hits="0"/>
						<line number="84" hits="0"/>
						<line number="85" hits="0"/>
						<line number="86" hits="0"/>
						<line number="87" hits="0"/>
						<line number="89" hits="0"/>
						<line number="97" hits="0"/>
						<line number="99" hits="0"/>
						<line number="100" hits="0"/>
						<line number="101" hits="0"/>
						<line number="104" hits="0"/>
						<line number="105" hits="0"/>
						<line number="106" hits="0"/>
						<line number="108" hits="0"/>
						<line number="109" hits="0"/>
						<line number="112" hits="0"/>
						<line number="113" hits="0"/>
						<line number="116" hits="0"/>
						<line number="117" hits="0"/>
						<line number="118" hits="0"/>
						<line number="120" hits="0"/>
						<line number="123" hits="0"/>
						<line number="124" hits="0"/>
						<line number="125" hits="0"/>
						<line number="129" hits="0"/>
						<line number="131" hits="0"/>
						<line number="133" hits="0"/>
						<line number="134" hits="0"/>
						<line number="135" hits="0"/>
						<line number="136" hits="0"/>
						<line number="137" hits="0"/>
						<line number="139" hits="0"/>
						<line number="140" hits="0"/>
						<line number="141" hits="0"/>
						<line number="142" hits="0"/>
						<line number="143" hits="0"/>
						<line number="145" hits="0"/>
						<line number="146" hits="0"/>
						<line number="149" hits="0"/>
						<line number="150" hits="0"/>
						<line number="153" hits="0"/>
						<line number="154" hits="0"/>
						<line number="157" hits="0"/>
						<line number="159" hits="0"/>
						<line number="162" hits="0"/>
						<line number="165" hits="0"/>
						<line number="167" hits="0"/>
						<line number="168" hits="0"/>
						<line number="169" hits="0"/>
						<line number="170" hits="0"/>
						<line number="172" hits="0"/>
						<line number="174" hits="0"/>
						<line number="325" hits="0"/>
						<line number="335" hits="0"/>
						<line number="336" hits="0"/>
						<line number="339" hits="0"/>
						<line number="340" hits="0"/>
						<line number="347" hits="0"/>
						<line number="354" hits="0"/>
						<line number="361" hits="0"/>
						<line number="365" hits="0"/>
						<line number="369" hits="0"/>
						<line number="376" hits="0"/>
						<line number="383" hits="0"/>
						<line number="390" hits="0"/>
						<line number="399" hits="0"/>
						<line number="400" hits="0"/>
						<line number="401" hits="0"/>
						<line number="404" hits="0"/>
						<line number="405" hits="0"/>
						<line number="408" hits="0"/>
						<line number="411" hits="0"/>
						<line number="412" hits="0"/>
						<line number="414" hits="0"/>
						<line number="416" hits="0"/>
						<line number="429" hits="0"/>
						<line number="430" hits="0"/>
						<line number="432" hits="0"/>
						<line number="435" hits="0"/>
						<line number="436" hits="0"/>
						<line number="441" hits="0"/>
						<line number="442" hits="0"/>
						<line number="443" hits="0"/>
						<line number="444" hits="0"/>
						<line number="447" hits="0"/>
						<line number="448" hits="0"/>
						<line number="453" hits="0"/>
						<line number="454" hits="0"/>
						<line number="457" hits="0"/>
						<line number="458" hits="0"/>
						<line number="459" hits="0"/>
						<line number="462" hits="0"/>
						<line number="465" hits="0"/>
						<line number="466" hits="0"/>
						<line number="469" hits="0"/>
						<line number="470" hits="0"/>
						<line number="473" hits="0"/>
						<line number="474" hits="0"/>
						<line number="475" hits="0"/>
						<line number="481" hits="0"/>
						<line number="485" hits="0"/>
						<line number="486" hits="0"/>
						<line number="489" hits="0"/>
						<line number="490" hits="0"/>
						<line number="493" hits="0"/>
						<line number="494" hits="0"/>
						<line number="495" hits="0"/>
						<line number="498" hits="0"/>
						<line number="506" hits="0"/>
						<line number="510" hits="0"/>
						<line number="513" hits="0"/>
						<line number="525" hits="0"/>
						<line number="526" hits="0"/>
						<line number="531" hits="0"/>
						<line number="533" hits="0"/>
						<line number="536" hits="0"/>
						<line number="538" hits="0"/>
						<line number="540" hits="0"/>
						<line number="550" hits="0"/>
						<line number="556" hits="0"/>
						<line number="559" hits="0"/>
						<line number="563" hits="0"/>
						<line number="567" hits="0"/>
						<line number="568" hits="0"/>
						<line number="569" hits="0"/>
						<line number="570" hits="0"/>
						<line number="572" hits="0"/>
						<line number="573" hits="0"/>
						<line number="574" hits="0"/>
						<line number="576" hits="0"/>
						<line number="579" hits="0"/>
						<line number="582" hits="0"/>
						<line number="594" hits="0"/>
						<line number="595" hits="0"/>
						<line number="598" hits="0"/>
						<line number="599" hits="0"/>
						<line number="601" hits="0"/>
						<line number="602" hits="0"/>
						<line number="604" hits="0"/>
						<line number="605" hits="0"/>
						<line number="606" hits="0"/>
						<line number="608" hits="0"/>
						<line number="611" hits="0"/>
						<line number="623" hits="0"/>
						<line number="625" hits="0"/>
						<line number="636" hits="0"/>
						<line number="646" hits="0"/>
						<line number="651" hits="0"/>
						<line number="652" hits="0"/>
						<line number="653" hits="0"/>
						<line number="655" hits="0"/>
						<line number="656" hits="0"/>
						<line number="657" hits="0"/>
						<line number="659" hits="0"/>
						<line number="662" hits="0"/>
						<line number="663" hits="0"/>
						<line number="664" hits="0"/>
						<line number="667" hits="0"/>
						<line number="669" hits="0"/>
						<line number="670" hits="0"/>
						<line number="671" hits="0"/>
						<line number="672" hits="0"/>
						<line number="673" hits="0"/>
						<line number="676" hits="0"/>
						<line number="677" hits="0"/>
						<line number="679" hits="0"/>
						<line number="681" hits="0"/>
						<line number="683" hits="0"/>
						<line number="743" hits="0"/>
						<line number="800" hits="0"/>
						<line number="803" hits="0"/>
						<line number="805" hits="0"/>
						<line number="806" hits="0"/>
						<line number="807" hits="0"/>
						<line number="808" hits="0"/>
						<line number="811" hits="0"/>
						<line number="818" hits="0"/>
						<line number="819" hits="0"/>
						<line number="820" hits="0"/>
						<line number="828" hits="0"/>
						<line number="832" hits="0"/>
						<line number="835" hits="0"/>
						<line number="837" hits="0"/>
						<line number="838" hits="0"/>
						<line number="839" hits="0"/>
						<line number="840" hits="0"/>
						<line number="841" hits="0"/>
						<line number="842" hits="0"/>
						<line number="843" hits="0"/>
						<line number="846" hits="0"/>
						<line number="847" hits="0"/>
						<line number="849" hits="0"/>
						<line number="851" hits="0"/>
						<line number="854" hits="0"/>
						<line number="855" hits="0"/>
						<line number="857" hits="0"/>
						<line number="858" hits="0"/>
						<line number="859" hits="0"/>
						<line number="861" hits="0"/>
						<line number="862" hits="0"/>
						<line number="864" hits="0"/>
						<line number="866" hits="0"/>
						<line number="873" hits="0"/>
						<line number="874" hits="0"/>
						<line number="875" hits="0"/>
						<line number="877" hits="0"/>
						<line number="878" hits="0"/>
						<line number="879" hits="0"/>
						<line number="880" hits="0"/>
						<line number="881" hits="0"/>
						<line number="882" hits="0"/>
						<line number="883" hits="0"/>
						<line number="884" hits="0"/>
						<line number="885" hits="0"/>
						<line number="886" hits="0"/>
						<line number="887" hits="0"/>
						<line number="888" hits="0"/>
						<line number="889" hits="0"/>
						<line number="890" hits="0"/>
						<line number="891" hits="0"/>
						<line number="892" hits="0"/>
						<line number="893" hits="0"/>
						<line number="894" hits="0"/>
						<line number="895" hits="0"/>
						<line number="901" hits="0"/>
						<line number="902" hits="0"/>
						<line number="903" hits="0"/>
						<line number="904" hits="0"/>
						<line number="905" hits="0"/>
						<line number="906" hits="0"/>
						<line number="912" hits="0"/>
						<line number="913" hits="0"/>
						<line number="914" hits="0"/>
						<line number="915" hits="0"/>
						<line number="916" hits="0"/>
						<line number="919" hits="0"/>
						<line number="931" hits="0"/>
						<line number="933" hits="0"/>
						<line number="939" hits="0"/>
						<line number="940" hits="0"/>
						<line number="941" hits="0"/>
						<line number="942" hits="0"/>
						<line number="944" hits="0"/>
						<line number="946" hits="0"/>
						<line number="948" hits="0"/>
						<line number="949" hits="0"/>
						<line number="950" hits="0"/>
						<line number="951" hits="0"/>
						<line number="952" hits="0"/>
						<line number="953" hits="0"/>
						<line number="954" hits="0"/>
						<line number="956" hits="0"/>
						<line number="958" hits="0"/>
						<line number="959" hits="0"/>
						<line number="960" hits="0"/>
						<line number="962" hits="0"/>
						<line number="963" hits="0"/>
						<line number="964" hits="0"/>
						<line number="965" hits="0"/>
						<line number="966" hits="0"/>
						<line number="967" hits="0"/>
						<line number="969" hits="0"/>
						<line number="970" hits="0"/>
						<line number="971" hits="0"/>
						<line number="972" hits="0"/>
						<line number="973" hits="0"/>
						<line number="977" hits="0"/>
						<line number="978" hits="0"/>
						<line number="979" hits="0"/>
						<line number="980" hits="0"/>
						<line number="981" hits="0"/>
						<line number="982" hits="0"/>
						<line number="984" hits="0"/>
						<line number="986" hits="0"/>
						<line number="988" hits="0"/>
						<line number="991" hits="0"/>
						<line number="992" hits="0"/>
						<line number="993" hits="0"/>
						<line number="994" hits="0"/>
						<line number="1000" hits="0"/>
						<line number="1001" hits="0"/>
						<line number="1003" hits="0"/>
						<line number="1007" hits="0"/>
						<line number="1012" hits="0"/>
						<line number="1020" hits="0"/>
						<line number="1021" hits="0"/>
						<line number="1022" hits="0"/>
						<line number="1023" hits="0"/>
						<line number="1024" hits="0"/>
						<line number="1025" hits="0"/>
						<line number="1027" hits="0"/>
						<line number="1029" hits="0"/>
						<line number="1038" hits="0"/>
						<line number="1039" hits="0"/>
						<line number="1042" hits="0"/>
						<line number="1043" hits="0"/>
						<line number="1048" hits="0"/>
						<line number="1052" hits="0"/>
						<line number="1055" hits="0"/>
						<line number="1056" hits="0"/>
						<line number="1057" hits="0"/>
						<line number="1059" hits="0"/>
						<line number="1060" hits="0"/>
						<line number="1063" hits="0"/>
						<line number="1064" hits="0"/>
						<line number="1070" hits="0"/>
						<line number="1073" hits="0"/>
						<line number="1075" hits="0"/>
						<line number="1077" hits="0"/>
						<line number="1078" hits="0"/>
						<line number="1082" hits="0"/>
						<line number="1085" hits="0"/>
						<line number="1086" hits="0"/>
						<line number="1088" hits="0"/>
						<line number="1091" hits="0"/>
						<line number="1093" hits="0"/>
						<line number="1094" hits="0"/>
						<line number="1095" hits="0"/>
						<line number="1096" hits="0"/>
						<line number="1097" hits="0"/>
						<line number="1100" hits="0"/>
						<line number="1101" hits="0"/>
						<line number="1102" hits="0"/>
						<line number="1104" hits="0"/>
						<line number="1105" hits="0"/>
						<line number="1121" hits="0"/>
						<line number="1136" hits="0"/>
						<line number="1137" hits="0"/>
						<line number="1138" hits="0"/>
						<line number="1153" hits="0"/>
						<line number="1154" hits="0"/>
						<line number="1155" hits="0"/>
						<line number="1169" hits="0"/>
						<line number="1170" hits="0"/>
						<line number="1171" hits="0"/>
					</lines>
				</class>
				<class name="overlay_positioning_agent.py" filename="agents/overlay_positioning_agent.py" complexity="0" line-rate="0" branch-rate="0">
					<methods/>
					<lines>
						<line number="7" hits="0"/>
						<line number="8" hits="0"/>
						<line number="9" hits="0"/>
						<line number="10" hits="0"/>
						<line number="11" hits="0"/>
						<line number="12" hits="0"/>
						<line number="14" hits="0"/>
						<line number="15" hits="0"/>
						<line number="17" hits="0"/>
						<line number="20" hits="0"/>
						<line number="22" hits="0"/>
						<line number="23" hits="0"/>
						<line number="25" hits="0"/>
						<line number="27" hits="0"/>
						<line number="31" hits="0"/>
						<line number="32" hits="0"/>
						<line number="37" hits="0"/>
						<line number="39" hits="0"/>
						<line number="59" hits="0"/>
						<line number="62" hits="0"/>
						<line number="63" hits="0"/>
						<line number="66" hits="0"/>
						<line number="67" hits="0"/>
						<line number="69" hits="0"/>
						<line number="70" hits="0"/>
						<line number="71" hits="0"/>
						<line number="72" hits="0"/>
						<line number="74" hits="0"/>
						<line number="75" hits="0"/>
						<line number="77" hits="0"/>
						<line number="80" hits="0"/>
						<line number="81" hits="0"/>
						<line number="82" hits="0"/>
						<line number="83" hits="0"/>
						<line number="84" hits="0"/>
						<line number="86" hits="0"/>
						<line number="88" hits="0"/>
						<line number="89" hits="0"/>
						<line number="91" hits="0"/>
						<line number="92" hits="0"/>
						<line number="93" hits="0"/>
						<line number="95" hits="0"/>
						<line number="96" hits="0"/>
						<line number="98" hits="0"/>
						<line number="99" hits="0"/>
						<line number="100" hits="0"/>
						<line number="102" hits="0"/>
						<line number="106" hits="0"/>
						<line number="108" hits="0"/>
						<line number="109" hits="0"/>
						<line number="155" hits="0"/>
						<line number="158" hits="0"/>
						<line number="159" hits="0"/>
						<line number="160" hits="0"/>
						<line number="161" hits="0"/>
						<line number="164" hits="0"/>
						<line number="165" hits="0"/>
						<line number="166" hits="0"/>
						<line number="167" hits="0"/>
						<line number="169" hits="0"/>
						<line number="170" hits="0"/>
						<line number="172" hits="0"/>
						<line number="173" hits="0"/>
						<line number="174" hits="0"/>
						<line number="176" hits="0"/>
						<line number="177" hits="0"/>
						<line number="179" hits="0"/>
						<line number="180" hits="0"/>
						<line number="181" hits="0"/>
						<line number="183" hits="0"/>
						<line number="185" hits="0"/>
						<line number="186" hits="0"/>
						<line number="188" hits="0"/>
						<line number="191" hits="0"/>
						<line number="194" hits="0"/>
						<line number="195" hits="0"/>
						<line number="198" hits="0"/>
						<line number="201" hits="0"/>
						<line number="217" hits="0"/>
						<line number="233" hits="0"/>
						<line number="242" hits="0"/>
						<line number="244" hits="0"/>
						<line number="245" hits="0"/>
						<line number="247" hits="0"/>
						<line number="248" hits="0"/>
						<line number="249" hits="0"/>
						<line number="250" hits="0"/>
						<line number="253" hits="0"/>
						<line number="254" hits="0"/>
						<line number="257" hits="0"/>
						<line number="258" hits="0"/>
						<line number="261" hits="0"/>
						<line number="262" hits="0"/>
						<line number="264" hits="0"/>
						<line number="281" hits="0"/>
						<line number="283" hits="0"/>
						<line number="284" hits="0"/>
						<line number="286" hits="0"/>
						<line number="292" hits="0"/>
						<line number="293" hits="0"/>
						<line number="294" hits="0"/>
						<line number="295" hits="0"/>
						<line number="296" hits="0"/>
						<line number="297" hits="0"/>
						<line number="299" hits="0"/>
						<line number="300" hits="0"/>
						<line number="304" hits="0"/>
						<line number="306" hits="0"/>
						<line number="319" hits="0"/>
						<line number="324" hits="0"/>
						<line number="340" hits="0"/>
						<line number="341" hits="0"/>
						<line number="344" hits="0"/>
						<line number="345" hits="0"/>
						<line number="348" hits="0"/>
						<line number="349" hits="0"/>
						<line number="351" hits="0"/>
						<line number="352" hits="0"/>
						<line number="355" hits="0"/>
						<line number="356" hits="0"/>
						<line number="357" hits="0"/>
						<line number="360" hits="0"/>
					</lines>
				</class>
				<class name="realtime_discussion_visualizer.py" filename="agents/realtime_discussion_visualizer.py" complexity="0" line-rate="0" branch-rate="0">
					<methods/>
					<lines>
						<line number="6" hits="0"/>
						<line number="7" hits="0"/>
						<line number="8" hits="0"/>
						<line number="9" hits="0"/>
						<line number="10" hits="0"/>
						<line number="11" hits="0"/>
						<line number="13" hits="0"/>
						<line number="15" hits="0"/>
						<line number="17" hits="0"/>
						<line number="18" hits="0"/>
						<line number="20" hits="0"/>
						<line number="21" hits="0"/>
						<line number="22" hits="0"/>
						<line number="23" hits="0"/>
						<line number="24" hits="0"/>
						<line number="25" hits="0"/>
						<line number="27" hits="0"/>
						<line number="28" hits="0"/>
						<line number="30" hits="0"/>
						<line number="31" hits="0"/>
						<line number="32" hits="0"/>
						<line number="33" hits="0"/>
						<line number="34" hits="0"/>
						<line number="35" hits="0"/>
						<line number="37" hits="0"/>
						<line number="43" hits="0"/>
						<line number="47" hits="0"/>
						<line number="48" hits="0"/>
						<line number="51" hits="0"/>
						<line number="52" hits="0"/>
						<line number="53" hits="0"/>
						<line number="54" hits="0"/>
						<line number="57" hits="0"/>
						<line number="58" hits="0"/>
						<line number="61" hits="0"/>
						<line number="62" hits="0"/>
						<line number="63" hits="0"/>
						<line number="65" hits="0"/>
						<line number="67" hits="0"/>
						<line number="70" hits="0"/>
						<line number="80" hits="0"/>
						<line number="81" hits="0"/>
						<line number="82" hits="0"/>
						<line number="85" hits="0"/>
						<line number="87" hits="0"/>
						<line number="88" hits="0"/>
						<line number="91" hits="0"/>
						<line number="92" hits="0"/>
						<line number="94" hits="0"/>
						<line number="97" hits="0"/>
						<line number="106" hits="0"/>
						<line number="107" hits="0"/>
						<line number="110" hits="0"/>
						<line number="113" hits="0"/>
						<line number="114" hits="0"/>
						<line number="116" hits="0"/>
						<line number="119" hits="0"/>
						<line number="120" hits="0"/>
						<line number="122" hits="0"/>
						<line number="124" hits="0"/>
						<line number="125" hits="0"/>
						<line number="126" hits="0"/>
						<line number="129" hits="0"/>
						<line number="130" hits="0"/>
						<line number="131" hits="0"/>
						<line number="133" hits="0"/>
						<line number="136" hits="0"/>
						<line number="137" hits="0"/>
						<line number="138" hits="0"/>
						<line number="140" hits="0"/>
						<line number="141" hits="0"/>
						<line number="143" hits="0"/>
						<line number="146" hits="0"/>
						<line number="147" hits="0"/>
						<line number="149" hits="0"/>
						<line number="152" hits="0"/>
						<line number="153" hits="0"/>
						<line number="154" hits="0"/>
						<line number="155" hits="0"/>
						<line number="158" hits="0"/>
						<line number="161" hits="0"/>
						<line number="162" hits="0"/>
						<line number="164" hits="0"/>
						<line number="166" hits="0"/>
						<line number="167" hits="0"/>
						<line number="169" hits="0"/>
						<line number="172" hits="0"/>
						<line number="173" hits="0"/>
						<line number="175" hits="0"/>
						<line number="177" hits="0"/>
						<line number="189" hits="0"/>
						<line number="190" hits="0"/>
						<line number="197" hits="0"/>
						<line number="200" hits="0"/>
						<line number="211" hits="0"/>
						<line number="213" hits="0"/>
						<line number="215" hits="0"/>
						<line number="226" hits="0"/>
						<line number="227" hits="0"/>
						<line number="228" hits="0"/>
						<line number="230" hits="0"/>
						<line number="236" hits="0"/>
						<line number="237" hits="0"/>
						<line number="239" hits="0"/>
						<line number="246" hits="0"/>
						<line number="247" hits="0"/>
						<line number="248" hits="0"/>
						<line number="251" hits="0"/>
						<line number="254" hits="0"/>
						<line number="255" hits="0"/>
						<line number="257" hits="0"/>
						<line number="259" hits="0"/>
						<line number="268" hits="0"/>
						<line number="269" hits="0"/>
						<line number="270" hits="0"/>
						<line number="271" hits="0"/>
						<line number="274" hits="0"/>
						<line number="275" hits="0"/>
						<line number="276" hits="0"/>
						<line number="277" hits="0"/>
						<line number="278" hits="0"/>
						<line number="279" hits="0"/>
						<line number="280" hits="0"/>
						<line number="281" hits="0"/>
						<line number="282" hits="0"/>
						<line number="283" hits="0"/>
						<line number="284" hits="0"/>
						<line number="285" hits="0"/>
						<line number="287" hits="0"/>
						<line number="288" hits="0"/>
						<line number="289" hits="0"/>
						<line number="291" hits="0"/>
						<line number="303" hits="0"/>
						<line number="305" hits="0"/>
						<line number="316" hits="0"/>
						<line number="318" hits="0"/>
						<line number="320" hits="0"/>
						<line number="321" hits="0"/>
						<line number="328" hits="0"/>
						<line number="335" hits="0"/>
						<line number="336" hits="0"/>
						<line number="338" hits="0"/>
						<line number="339" hits="0"/>
						<line number="341" hits="0"/>
						<line number="360" hits="0"/>
						<line number="361" hits="0"/>
						<line number="363" hits="0"/>
						<line number="365" hits="0"/>
						<line number="367" hits="0"/>
						<line number="372" hits="0"/>
						<line number="373" hits="0"/>
						<line number="374" hits="0"/>
						<line number="376" hits="0"/>
						<line number="400" hits="0"/>
						<line number="406" hits="0"/>
						<line number="439" hits="0"/>
						<line number="440" hits="0"/>
						<line number="442" hits="0"/>
						<line number="444" hits="0"/>
						<line number="464" hits="0"/>
						<line number="467" hits="0"/>
						<line number="468" hits="0"/>
						<line number="469" hits="0"/>
						<line number="470" hits="0"/>
						<line number="471" hits="0"/>
						<line number="472" hits="0"/>
						<line number="473" hits="0"/>
					</lines>
				</class>
				<class name="script_writer_agent.py" filename="agents/script_writer_agent.py" complexity="0" line-rate="0" branch-rate="0">
					<methods/>
					<lines>
						<line number="1" hits="0"/>
						<line number="2" hits="0"/>
						<line number="3" hits="0"/>
						<line number="4" hits="0"/>
						<line number="5" hits="0"/>
						<line number="6" hits="0"/>
						<line number="7" hits="0"/>
						<line number="9" hits="0"/>
						<line number="10" hits="0"/>
						<line number="11" hits="0"/>
						<line number="12" hits="0"/>
						<line number="13" hits="0"/>
						<line number="14" hits="0"/>
						<line number="15" hits="0"/>
						<line number="16" hits="0"/>
						<line number="17" hits="0"/>
						<line number="19" hits="0"/>
						<line number="20" hits="0"/>
						<line number="24" hits="0"/>
						<line number="25" hits="0"/>
						<line number="26" hits="0"/>
						<line number="27" hits="0"/>
						<line number="28" hits="0"/>
						<line number="30" hits="0"/>
						<line number="37" hits="0"/>
						<line number="38" hits="0"/>
						<line number="41" hits="0"/>
						<line number="43" hits="0"/>
						<line number="44" hits="0"/>
						<line number="45" hits="0"/>
						<line number="47" hits="0"/>
						<line number="49" hits="0"/>
						<line number="51" hits="0"/>
						<line number="52" hits="0"/>
						<line number="53" hits="0"/>
						<line number="55" hits="0"/>
						<line number="58" hits="0"/>
						<line number="59" hits="0"/>
[...]
						<line number="294" hits="0"/>
					</lines>
				</class>
				<class name="text_validator.py" filename="utils/text_validator.py" complexity="0" line-rate="0" branch-rate="0">
					<methods/>
					<lines>
						<line number="5" hits="0"/>
						<line number="6" hits="0"/>
						<line number="7" hits="0"/>
						<line number="9" hits="0"/>
						<line number="10" hits="0"/>
						<line number="11" hits="0"/>
						<line number="12" hits="0"/>
						<line number="14" hits="0"/>
						<line number="17" hits="0"/>
						<line number="18" hits="0"/>
						<line number="20" hits="0"/>
						<line number="21" hits="0"/>
						<line number="22" hits="0"/>
						<line number="23" hits="0"/>
						<line number="24" hits="0"/>
						<line number="25" hits="0"/>
						<line number="26" hits="0"/>
						<line number="27" hits="0"/>
						<line number="30" hits="0"/>
						<line number="33" hits="0"/>
						<line number="37" hits="0"/>
						<line number="38" hits="0"/>
						<line number="39" hits="0"/>
						<line number="40" hits="0"/>
						<line number="41" hits="0"/>
						<line number="42" hits="0"/>
						<line number="43" hits="0"/>
						<line number="44" hits="0"/>
						<line number="48" hits="0"/>
						<line number="55" hits="0"/>
						<line number="61" hits="0"/>
						<line number="70" hits="0"/>
						<line number="74" hits="0"/>
						<line number="75" hits="0"/>
						<line number="86" hits="0"/>
						<line number="87" hits="0"/>
						<line number="88" hits="0"/>
						<line number="89" hits="0"/>
						<line number="90" hits="0"/>
						<line number="93" hits="0"/>
						<line number="96" hits="0"/>
						<line number="97" hits="0"/>
						<line number="98" hits="0"/>
						<line number="99" hits="0"/>
						<line number="100" hits="0"/>
						<line number="103" hits="0"/>
						<line number="104" hits="0"/>
						<line number="105" hits="0"/>
						<line number="106" hits="0"/>
						<line number="107" hits="0"/>
						<line number="110" hits="0"/>
						<line number="113" hits="0"/>
						<line number="116" hits="0"/>
						<line number="117" hits="0"/>
						<line number="118" hits="0"/>
						<line number="119" hits="0"/>
						<line number="120" hits="0"/>
						<line number="122" hits="0"/>
						<line number="123" hits="0"/>
						<line number="125" hits="0"/>
						<line number="136" hits="0"/>
						<line number="140" hits="0"/>
						<line number="141" hits="0"/>
						<line number="142" hits="0"/>
						<line number="143" hits="0"/>
						<line number="144" hits="0"/>
						<line number="145" hits="0"/>
						<line number="148" hits="0"/>
						<line number="157" hits="0"/>
						<line number="158" hits="0"/>
						<line number="159" hits="0"/>
						<line number="160" hits="0"/>
						<line number="164" hits="0"/>
						<line number="165" hits="0"/>
						<line number="166" hits="0"/>
						<line number="167" hits="0"/>
						<line number="168" hits="0"/>
						<line number="169" hits="0"/>
						<line number="170" hits="0"/>
						<line number="173" hits="0"/>
						<line number="176" hits="0"/>
						<line number="177" hits="0"/>
						<line number="179" hits="0"/>
						<line number="181" hits="0"/>
						<line number="183" hits="0"/>
						<line number="184" hits="0"/>
						<line number="185" hits="0"/>
						<line number="186" hits="0"/>
						<line number="189" hits="0"/>
						<line number="191" hits="0"/>
						<line number="194" hits="0"/>
						<line number="195" hits="0"/>
						<line number="198" hits="0"/>
						<line number="199" hits="0"/>
						<line number="201" hits="0"/>
						<line number="215" hits="0"/>
						<line number="216" hits="0"/>
						<line number="217" hits="0"/>
						<line number="218" hits="0"/>
						<line number="219" hits="0"/>
						<line number="221" hits="0"/>
						<line number="222" hits="0"/>
						<line number="223" hits="0"/>
						<line number="224" hits="0"/>
						<line number="225" hits="0"/>
						<line number="226" hits="0"/>
						<line number="227" hits="0"/>
						<line number="228" hits="0"/>
						<line number="229" hits="0"/>
						<line number="230" hits="0"/>
						<line number="234" hits="0"/>
						<line number="237" hits="0"/>
						<line number="239" hits="0"/>
						<line number="240" hits="0"/>
						<line number="243" hits="0"/>
						<line number="244" hits="0"/>
						<line number="245" hits="0"/>
						<line number="246" hits="0"/>
						<line number="249" hits="0"/>
						<line number="250" hits="0"/>
						<line number="251" hits="0"/>
						<line number="252" hits="0"/>
						<line number="255" hits="0"/>
						<line number="257" hits="0"/>
						<line number="259" hits="0"/>
						<line number="262" hits="0"/>
						<line number="263" hits="0"/>
						<line number="266" hits="0"/>
						<line number="270" hits="0"/>
						<line number="272" hits="0"/>
						<line number="273" hits="0"/>
						<line number="276" hits="0"/>
						<line number="277" hits="0"/>
						<line number="279" hits="0"/>
						<line number="281" hits="0"/>
						<line number="282" hits="0"/>
						<line number="283" hits="0"/>
						<line number="285" hits="0"/>
						<line number="286" hits="0"/>
						<line number="287" hits="0"/>
						<line number="288" hits="0"/>
						<line number="289" hits="0"/>
						<line number="290" hits="0"/>
						<line number="291" hits="0"/>
						<line number="292" hits="0"/>
						<line number="293" hits="0"/>
						<line number="297" hits="0"/>
						<line number="298" hits="0"/>
						<line number="299" hits="0"/>
						<line number="302" hits="0"/>
						<line number="303" hits="0"/>
						<line number="304" hits="0"/>
						<line number="305" hits="0"/>
						<line number="306" hits="0"/>
						<line number="309" hits="0"/>
						<line number="311" hits="0"/>
						<line number="313" hits="0"/>
						<line number="317" hits="0"/>
						<line number="320" hits="0"/>
						<line number="323" hits="0"/>
						<line number="324" hits="0"/>
						<line number="326" hits="0"/>
						<line number="328" hits="0"/>
						<line number="332" hits="0"/>
						<line number="333" hits="0"/>
						<line number="335" hits="0"/>
						<line number="349" hits="0"/>
						<line number="350" hits="0"/>
						<line number="351" hits="0"/>
						<line number="352" hits="0"/>
						<line number="353" hits="0"/>
						<line number="355" hits="0"/>
						<line number="357" hits="0"/>
						<line number="358" hits="0"/>
						<line number="359" hits="0"/>
						<line number="360" hits="0"/>
						<line number="364" hits="0"/>
						<line number="367" hits="0"/>
						<line number="368" hits="0"/>
						<line number="371" hits="0"/>
						<line number="372" hits="0"/>
						<line number="375" hits="0"/>
						<line number="377" hits="0"/>
						<line number="378" hits="0"/>
						<line number="379" hits="0"/>
						<line number="381" hits="0"/>
						<line number="382" hits="0"/>
						<line number="383" hits="0"/>
						<line number="385" hits="0"/>
						<line number="387" hits="0"/>
						<line number="390" hits="0"/>
						<line number="392" hits="0"/>
						<line number="393" hits="0"/>
						<line number="394" hits="0"/>
						<line number="400" hits="0"/>
						<line number="401" hits="0"/>
						<line number="403" hits="0"/>
						<line number="404" hits="0"/>
						<line number="406" hits="0"/>
						<line number="408" hits="0"/>
					</lines>
				</class>
				<class name="theme_overlay_renderer.py" filename="utils/theme_overlay_renderer.py" complexity="0" line-rate="0" branch-rate="0">
					<methods/>
					<lines>
						<line number="5" hits="0"/>
						<line number="6" hits="0"/>
						<line number="7" hits="0"/>
						<line number="8" hits="0"/>
						<line number="9" hits="0"/>
						<line number="10" hits="0"/>
						<line number="12" hits="0"/>
						<line number="15" hits="0"/>
						<line number="18" hits="0"/>
						<line number="19" hits="0"/>
						<line number="20" hits="0"/>
						<line number="22" hits="0"/>
						<line number="36" hits="0"/>
						<line number="37" hits="0"/>
						<line number="38" hits="0"/>
						<line number="39" hits="0"/>
						<line number="41" hits="0"/>
						<line number="44" hits="0"/>
						<line number="45" hits="0"/>
						<line number="46" hits="0"/>
						<line number="49" hits="0"/>
						<line number="50" hits="0"/>
						<line number="51" hits="0"/>
						<line number="54" hits="0"/>
						<line number="55" hits="0"/>
						<line number="58" hits="0"/>
						<line number="59" hits="0"/>
						<line number="62" hits="0"/>
						<line number="63" hits="0"/>
						<line number="66" hits="0"/>
						<line number="67" hits="0"/>
						<line number="70" hits="0"/>
						<line number="71" hits="0"/>
						<line number="74" hits="0"/>
						<line number="75" hits="0"/>
						<line number="78" hits="0"/>
						<line number="79" hits="0"/>
						<line number="82" hits="0"/>
						<line number="83" hits="0"/>
						<line number="86" hits="0"/>
						<line number="87" hits="0"/>
						<line number="88" hits="0"/>
						<line number="91" hits="0"/>
						<line number="94" hits="0"/>
						<line number="102" hits="0"/>
						<line number="103" hits="0"/>
						<line number="105" hits="0"/>
						<line number="106" hits="0"/>
						<line number="107" hits="0"/>
						<line number="109" hits="0"/>
						<line number="110" hits="0"/>
						<line number="112" hits="0"/>
						<line number="113" hits="0"/>
						<line number="114" hits="0"/>
						<line number="116" hits="0"/>
						<line number="118" hits="0"/>
						<line number="119" hits="0"/>
						<line number="124" hits="0"/>
						<line number="126" hits="0"/>
						<line number="127" hits="0"/>
						<line number="128" hits="0"/>
						<line number="129" hits="0"/>
						<line number="130" hits="0"/>
						<line number="131" hits="0"/>
						<line number="132" hits="0"/>
						<line number="133" hits="0"/>
						<line number="134" hits="0"/>
						<line number="136" hits="0"/>
						<line number="138" hits="0"/>
						<line number="141" hits="0"/>
						<line number="143" hits="0"/>
						<line number="144" hits="0"/>
						<line number="145" hits="0"/>
						<line number="146" hits="0"/>
						<line number="147" hits="0"/>
						<line number="150" hits="0"/>
						<line number="151" hits="0"/>
						<line number="154" hits="0"/>
						<line number="163" hits="0"/>
						<line number="165" hits="0"/>
						<line number="166" hits="0"/>
						<line number="167" hits="0"/>
						<line number="169" hits="0"/>
						<line number="172" hits="0"/>
						<line number="174" hits="0"/>
						<line number="175" hits="0"/>
						<line number="176" hits="0"/>
						<line number="177" hits="0"/>
						<line number="178" hits="0"/>
						<line number="179" hits="0"/>
						<line number="182" hits="0"/>
						<line number="192" hits="0"/>
						<line number="194" hits="0"/>
						<line number="195" hits="0"/>
						<line number="196" hits="0"/>
						<line number="198" hits="0"/>
						<line number="201" hits="0"/>
						<line number="203" hits="0"/>
						<line number="204" hits="0"/>
						<line number="205" hits="0"/>
						<line number="208" hits="0"/>
						<line number="213" hits="0"/>
						<line number="215" hits="0"/>
						<line number="216" hits="0"/>
						<line number="217" hits="0"/>
						<line number="219" hits="0"/>
						<line number="222" hits="0"/>
						<line number="225" hits="0"/>
						<line number="226" hits="0"/>
						<line number="227" hits="0"/>
						<line number="230" hits="0"/>
						<line number="231" hits="0"/>
						<line number="232" hits="0"/>
						<line number="233" hits="0"/>
						<line number="234" hits="0"/>
						<line number="235" hits="0"/>
						<line number="236" hits="0"/>
						<line number="238" hits="0"/>
						<line number="239" hits="0"/>
						<line number="242" hits="0"/>
						<line number="247" hits="0"/>
						<line number="249" hits="0"/>
						<line number="250" hits="0"/>
						<line number="251" hits="0"/>
						<line number="253" hits="0"/>
						<line number="256" hits="0"/>
						<line number="258" hits="0"/>
						<line number="259" hits="0"/>
						<line number="262" hits="0"/>
						<line number="263" hits="0"/>
						<line number="266" hits="0"/>
						<line number="267" hits="0"/>
						<line number="269" hits="0"/>
						<line number="270" hits="0"/>
						<line number="271" hits="0"/>
						<line number="272" hits="0"/>
						<line number="273" hits="0"/>
						<line number="274" hits="0"/>
					</lines>
				</class>
				<class name="trending_analyzer.py" filename="utils/trending_analyzer.py" complexity="0" line-rate="0" branch-rate="0">
					<methods/>
					<lines>
						<line number="6" hits="0"/>
						<line number="7" hits="0"/>
						<line number="8" hits="0"/>
						<line number="9" hits="0"/>
						<line number="10" hits="0"/>
						<line number="12" hits="0"/>
						<line number="14" hits="0"/>
						<line number="17" hits="0"/>
						<line number="19" hits="0"/>
						<line number="21" hits="0"/>
						<line number="22" hits="0"/>
						<line number="23" hits="0"/>
						<line number="25" hits="0"/>
						<line number="26" hits="0"/>
						<line number="28" hits="0"/>
						<line number="34" hits="0"/>
						<line number="37" hits="0"/>
						<line number="40" hits="0"/>
						<line number="41" hits="0"/>
						<line number="42" hits="0"/>
						<line number="52" hits="0"/>
						<line number="54" hits="0"/>
						<line number="55" hits="0"/>
						<line number="56" hits="0"/>
						<line number="58" hits="0"/>
						<line number="60" hits="0"/>
						<line number="61" hits="0"/>
						<line number="63" hits="0"/>
						<line number="65" hits="0"/>
						<line number="66" hits="0"/>
						<line number="79" hits="0"/>
						<line number="83" hits="0"/>
						<line number="106" hits="0"/>
						<line number="108" hits="0"/>
						<line number="109" hits="0"/>
						<line number="110" hits="0"/>
					</lines>
				</class>
				<class name="whisper_post_processor.py" filename="utils/whisper_post_processor.py" complexity="0" line-rate="0" branch-rate="0">
					<methods/>
					<lines>
						<line number="6" hits="0"/>
						<line number="7" hits="0"/>
						<line number="8" hits="0"/>
						<line number="9" hits="0"/>
						<line number="10" hits="0"/>
						<line number="12" hits="0"/>
						<line number="14" hits="0"/>
						<line number="17" hits="0"/>
						<line number="20" hits="0"/>
						<line number="22" hits="0"/>
						<line number="24" hits="0"/>
						<line number="26" hits="0"/>
						<line number="27" hits="0"/>
						<line number="30" hits="0"/>
						<line number="31" hits="0"/>
						<line number="32" hits="0"/>
						<line number="33" hits="0"/>
						<line number="34" hits="0"/>
						<line number="36" hits="0"/>
						<line number="37" hits="0"/>
						<line number="39" hits="0"/>
						<line number="60" hits="0"/>
						<line number="61" hits="0"/>
						<line number="62" hits="0"/>
						<line number="64" hits="0"/>
						<line number="65" hits="0"/>
						<line number="68" hits="0"/>
						<line number="69" hits="0"/>
						<line number="70" hits="0"/>
						<line number="79" hits="0"/>
						<line number="80" hits="0"/>
						<line number="81" hits="0"/>
						<line number="82" hits="0"/>
						<line number="85" hits="0"/>
						<line number="86" hits="0"/>
						<line number="102" hits="0"/>
						<line number="103" hits="0"/>
						<line number="104" hits="0"/>
						<line number="105" hits="0"/>
						<line number="107" hits="0"/>
						<line number="108" hits="0"/>
						<line number="109" hits="0"/>
						<line number="110" hits="0"/>
						<line number="113" hits="0"/>
						<line number="114" hits="0"/>
						<line number="115" hits="0"/>
						<line number="117" hits="0"/>
						<line number="118" hits="0"/>
						<line number="119" hits="0"/>
						<line number="121" hits="0"/>
						<line number="124" hits="0"/>
						<line number="127" hits="0"/>
						<line number="128" hits="0"/>
						<line number="131" hits="0"/>
						<line number="141" hits="0"/>
						<line number="142" hits="0"/>
						<line number="143" hits="0"/>
						<line number="145" hits="0"/>
						<line number="150" hits="0"/>
						<line number="158" hits="0"/>
						<line number="159" hits="0"/>
						<line number="160" hits="0"/>
						<line number="162" hits="0"/>
						<line number="164" hits="0"/>
						<line number="165" hits="0"/>
						<line number="166" hits="0"/>
						<line number="168" hits="0"/>
						<line number="173" hits="0"/>
						<line number="174" hits="0"/>
						<line number="177" hits="0"/>
						<line number="184" hits="0"/>
						<line number="185" hits="0"/>
						<line number="186" hits="0"/>
						<line number="187" hits="0"/>
						<line number="189" hits="0"/>
						<line number="190" hits="0"/>
						<line number="192" hits="0"/>
						<line number="193" hits="0"/>
						<line number="194" hits="0"/>
						<line number="196" hits="0"/>
						<line number="209" hits="0"/>
						<line number="211" hits="0"/>
						<line number="212" hits="0"/>
						<line number="214" hits="0"/>
						<line number="215" hits="0"/>
						<line number="216" hits="0"/>
						<line number="217" hits="0"/>
						<line number="218" hits="0"/>
						<line number="220" hits="0"/>
						<line number="221" hits="0"/>
						<line number="222" hits="0"/>
						<line number="224" hits="0"/>
						<line number="227" hits="0"/>
						<line number="230" hits="0"/>
						<line number="236" hits="0"/>
						<line number="238" hits="0"/>
						<line number="241" hits="0"/>
						<line number="243" hits="0"/>
						<line number="244" hits="0"/>
						<line number="247" hits="0"/>
						<line number="248" hits="0"/>
						<line number="250" hits="0"/>
						<line number="251" hits="0"/>
						<line number="253" hits="0"/>
						<line number="254" hits="0"/>
						<line number="257" hits="0"/>
						<line number="259" hits="0"/>
						<line number="261" hits="0"/>
						<line number="262" hits="0"/>
						<line number="263" hits="0"/>
						<line number="265" hits="0"/>
						<line number="267" hits="0"/>
						<line number="268" hits="0"/>
						<line number="271" hits="0"/>
						<line number="272" hits="0"/>
						<line number="275" hits="0"/>
						<line number="276" hits="0"/>
						<line number="278" hits="0"/>
						<line number="279" hits="0"/>
						<line number="280" hits="0"/>
						<line number="281" hits="0"/>
						<line number="282" hits="0"/>
						<line number="283" hits="0"/>
						<line number="286" hits="0"/>
						<line number="287" hits="0"/>
						<line number="288" hits="0"/>
						<line number="290" hits="0"/>
						<line number="299" hits="0"/>
						<line number="300" hits="0"/>
						<line number="302" hits="0"/>
						<line number="303" hits="0"/>
						<line number="304" hits="0"/>
						<line number="305" hits="0"/>
						<line number="307" hits="0"/>
						<line number="308" hits="0"/>
						<line number="309" hits="0"/>
						<line number="312" hits="0"/>
						<line number="313" hits="0"/>
						<line number="316" hits="0"/>
						<line number="317" hits="0"/>
						<line number="320" hits="0"/>
						<line number="321" hits="0"/>
						<line number="322" hits="0"/>
						<line number="323" hits="0"/>
						<line number="324" hits="0"/>
						<line number="325" hits="0"/>
						<line number="327" hits="0"/>
						<line number="328" hits="0"/>
						<line number="330" hits="0"/>
						<line number="331" hits="0"/>
						<line number="332" hits="0"/>
						<line number="334" hits="0"/>
						<line number="336" hits="0"/>
						<line number="337" hits="0"/>
						<line number="338" hits="0"/>
						<line number="339" hits="0"/>
						<line number="341" hits="0"/>
						<line number="343" hits="0"/>
						<line number="344" hits="0"/>
						<line number="345" hits="0"/>
						<line number="346" hits="0"/>
						<line number="347" hits="0"/>
					</lines>
				</class>
			</classes>
		</package>
	</packages>
</coverage>
